{
 "cells": [
  {
   "cell_type": "code",
   "execution_count": 1,
   "id": "a92b4b3c-607f-4d4e-a42a-4c4377180c99",
   "metadata": {},
   "outputs": [],
   "source": [
    "%load_ext sql"
   ]
  },
  {
   "cell_type": "code",
   "execution_count": 2,
   "id": "f48dca00-933d-40ae-a546-b43de93deb22",
   "metadata": {},
   "outputs": [],
   "source": [
    "%sql mysql+mysqlconnector://root:root@localhost/mydb"
   ]
  },
  {
   "cell_type": "code",
   "execution_count": 4,
   "id": "5ddefdbe-13a8-4d9c-9909-d47879a76c27",
   "metadata": {},
   "outputs": [
    {
     "name": "stdout",
     "output_type": "stream",
     "text": [
      " * mysql+mysqlconnector://root:***@localhost/mydb\n",
      "0 rows affected.\n",
      "0 rows affected.\n"
     ]
    },
    {
     "data": {
      "text/plain": [
       "[]"
      ]
     },
     "execution_count": 4,
     "metadata": {},
     "output_type": "execute_result"
    }
   ],
   "source": [
    "%%sql\n",
    "DROP TABLE IF EXISTS employee;\n",
    "\n",
    "CREATE TABLE employee (\n",
    "    customer_id INT AUTO_INCREMENT PRIMARY KEY,\n",
    "    first_name VARCHAR(50) NOT NULL,\n",
    "    last_name VARCHAR(50) NOT NULL,\n",
    "    email VARCHAR(100) NOT NULL,\n",
    "    city VARCHAR(100) NOT NULL\n",
    ");\n"
   ]
  },
  {
   "cell_type": "code",
   "execution_count": 5,
   "id": "e0224521-b6cf-423b-8485-7dd5f76458fb",
   "metadata": {},
   "outputs": [
    {
     "name": "stdout",
     "output_type": "stream",
     "text": [
      " * mysql+mysqlconnector://root:***@localhost/mydb\n",
      "5 rows affected.\n"
     ]
    },
    {
     "data": {
      "text/plain": [
       "[]"
      ]
     },
     "execution_count": 5,
     "metadata": {},
     "output_type": "execute_result"
    }
   ],
   "source": [
    "%%sql\n",
    "INSERT INTO employee (first_name, last_name, email, city)\n",
    "VALUES\n",
    "('John', 'Doe', 'john@example.com', 'New York'),\n",
    "('Jane', 'Smith', 'jane.smith@example.com', 'Los Angeles'),\n",
    "('Michael', 'Brown', 'michael.brown@example.com', 'Chicago'),\n",
    "('Emily', 'Johnson', 'emily.johnson@example.com', 'Houston'),\n",
    "('Robert', 'Green', 'robert.green@example.com', 'Phoenix');\n"
   ]
  },
  {
   "cell_type": "code",
   "execution_count": 38,
   "id": "f4a89396-6555-433f-8920-a4027effadf6",
   "metadata": {},
   "outputs": [
    {
     "name": "stdout",
     "output_type": "stream",
     "text": [
      " * mysql+mysqlconnector://root:***@localhost/mydb\n",
      "(mysql.connector.errors.ProgrammingError) 1061 (42000): Duplicate key name 'idx_city'\n",
      "[SQL: CREATE INDEX idx_city ON customers(city);]\n",
      "(Background on this error at: https://sqlalche.me/e/20/f405)\n"
     ]
    }
   ],
   "source": [
    "%%sql\n",
    "CREATE INDEX idx_city ON customers(city);\n",
    "-- Creating an index on the 'city' column to speed up search/filtering on city  \n"
   ]
  },
  {
   "cell_type": "code",
   "execution_count": 28,
   "id": "aed554eb-cd37-4a6a-8937-bdcfe6034076",
   "metadata": {},
   "outputs": [
    {
     "name": "stdout",
     "output_type": "stream",
     "text": [
      " * mysql+mysqlconnector://root:***@localhost/mydb\n",
      "1 rows affected.\n"
     ]
    },
    {
     "data": {
      "text/html": [
       "<table>\n",
       "    <tr>\n",
       "        <th>first_name</th>\n",
       "        <th>last_name</th>\n",
       "        <th>email</th>\n",
       "    </tr>\n",
       "    <tr>\n",
       "        <td>Michael</td>\n",
       "        <td>Brown</td>\n",
       "        <td>michael.brown@example.com</td>\n",
       "    </tr>\n",
       "</table>"
      ],
      "text/plain": [
       "[('Michael', 'Brown', 'michael.brown@example.com')]"
      ]
     },
     "execution_count": 28,
     "metadata": {},
     "output_type": "execute_result"
    }
   ],
   "source": [
    "%%sql\n",
    "-- This query will benefit from the index when searching by city\n",
    "SELECT first_name, last_name, email\n",
    "FROM employee\n",
    "WHERE city = 'Chicago';"
   ]
  },
  {
   "cell_type": "code",
   "execution_count": 12,
   "id": "1a4e8d34-617a-4264-8eac-192ed76a17b4",
   "metadata": {},
   "outputs": [
    {
     "name": "stdout",
     "output_type": "stream",
     "text": [
      " * mysql+mysqlconnector://root:***@localhost/mydb\n",
      "0 rows affected.\n"
     ]
    },
    {
     "data": {
      "text/plain": [
       "[]"
      ]
     },
     "execution_count": 12,
     "metadata": {},
     "output_type": "execute_result"
    }
   ],
   "source": [
    "%%sql\n",
    "#An INDEX is used to speed up searching and filtering.\n",
    "#Here we indexed the city column because it is commonly used in WHERE conditions.\n",
    "#MySQL builds an ordered lookup, so queries like WHERE city = Chicago become faster.\n"
   ]
  },
  {
   "cell_type": "code",
   "execution_count": 13,
   "id": "98a2d598-89cf-4b40-b9be-8e77f4e27dec",
   "metadata": {},
   "outputs": [
    {
     "name": "stdout",
     "output_type": "stream",
     "text": [
      " * mysql+mysqlconnector://root:***@localhost/mydb\n",
      "1 rows affected.\n"
     ]
    },
    {
     "data": {
      "text/html": [
       "<table>\n",
       "    <tr>\n",
       "        <th>Table</th>\n",
       "        <th>Non_unique</th>\n",
       "        <th>Key_name</th>\n",
       "        <th>Seq_in_index</th>\n",
       "        <th>Column_name</th>\n",
       "        <th>Collation</th>\n",
       "        <th>Cardinality</th>\n",
       "        <th>Sub_part</th>\n",
       "        <th>Packed</th>\n",
       "        <th>Null</th>\n",
       "        <th>Index_type</th>\n",
       "        <th>Comment</th>\n",
       "        <th>Index_comment</th>\n",
       "        <th>Visible</th>\n",
       "        <th>Expression</th>\n",
       "    </tr>\n",
       "    <tr>\n",
       "        <td>employee</td>\n",
       "        <td>0</td>\n",
       "        <td>PRIMARY</td>\n",
       "        <td>1</td>\n",
       "        <td>customer_id</td>\n",
       "        <td>A</td>\n",
       "        <td>5</td>\n",
       "        <td>None</td>\n",
       "        <td>None</td>\n",
       "        <td></td>\n",
       "        <td>BTREE</td>\n",
       "        <td></td>\n",
       "        <td></td>\n",
       "        <td>YES</td>\n",
       "        <td>None</td>\n",
       "    </tr>\n",
       "</table>"
      ],
      "text/plain": [
       "[('employee', 0, 'PRIMARY', 1, 'customer_id', 'A', 5, None, None, '', 'BTREE', '', '', 'YES', None)]"
      ]
     },
     "execution_count": 13,
     "metadata": {},
     "output_type": "execute_result"
    }
   ],
   "source": [
    "%%sql\n",
    "-- Show indexes created on this table\n",
    "SHOW INDEX FROM employee;\n"
   ]
  },
  {
   "cell_type": "code",
   "execution_count": 30,
   "id": "204e9af5-a197-4a3b-97c7-3aa23bcc812a",
   "metadata": {},
   "outputs": [
    {
     "name": "stdout",
     "output_type": "stream",
     "text": [
      " * mysql+mysqlconnector://root:***@localhost/mydb\n",
      "0 rows affected.\n"
     ]
    },
    {
     "data": {
      "text/plain": [
       "[]"
      ]
     },
     "execution_count": 30,
     "metadata": {},
     "output_type": "execute_result"
    }
   ],
   "source": [
    "%%sql\n",
    "-- EXPLAIN shows how MySQL plans to execute your query.\n",
    "-- It does NOT run the query — it only shows the execution plan.\n",
    "-- You can see:\n",
    "--  ✔ whether an index is used\n",
    "--  ✔ how many rows MySQL expects to scan\n",
    "--  ✔ which scan method is used (full scan or index lookup)\n",
    "--  ✔ join type, filtering logic, cost approximation\n",
    "--\n",
    "-- This helps you understand performance before actually executing the query.\n"
   ]
  },
  {
   "cell_type": "code",
   "execution_count": 22,
   "id": "350e4949-4300-49fa-b011-4e7138bb3057",
   "metadata": {},
   "outputs": [
    {
     "name": "stdout",
     "output_type": "stream",
     "text": [
      " * mysql+mysqlconnector://root:***@localhost/mydb\n",
      "1 rows affected.\n"
     ]
    },
    {
     "data": {
      "text/html": [
       "<table>\n",
       "    <tr>\n",
       "        <th>id</th>\n",
       "        <th>select_type</th>\n",
       "        <th>table</th>\n",
       "        <th>partitions</th>\n",
       "        <th>type</th>\n",
       "        <th>possible_keys</th>\n",
       "        <th>key</th>\n",
       "        <th>key_len</th>\n",
       "        <th>ref</th>\n",
       "        <th>rows</th>\n",
       "        <th>filtered</th>\n",
       "        <th>Extra</th>\n",
       "    </tr>\n",
       "    <tr>\n",
       "        <td>1</td>\n",
       "        <td>SIMPLE</td>\n",
       "        <td>employee</td>\n",
       "        <td>None</td>\n",
       "        <td>ALL</td>\n",
       "        <td>None</td>\n",
       "        <td>None</td>\n",
       "        <td>None</td>\n",
       "        <td>None</td>\n",
       "        <td>5</td>\n",
       "        <td>20.0</td>\n",
       "        <td>Using where</td>\n",
       "    </tr>\n",
       "</table>"
      ],
      "text/plain": [
       "[(1, 'SIMPLE', 'employee', None, 'ALL', None, None, None, None, 5, 20.0, 'Using where')]"
      ]
     },
     "execution_count": 22,
     "metadata": {},
     "output_type": "execute_result"
    }
   ],
   "source": [
    "%%sql\n",
    "Explain\n",
    "select * from employee\n",
    "where city = 'chicago';"
   ]
  },
  {
   "cell_type": "code",
   "execution_count": 32,
   "id": "713046dd-cb19-413f-91d4-1a721b041c49",
   "metadata": {},
   "outputs": [
    {
     "name": "stdout",
     "output_type": "stream",
     "text": [
      " * mysql+mysqlconnector://root:***@localhost/mydb\n",
      "0 rows affected.\n"
     ]
    },
    {
     "data": {
      "text/plain": [
       "[]"
      ]
     },
     "execution_count": 32,
     "metadata": {},
     "output_type": "execute_result"
    }
   ],
   "source": [
    "%%sql\n",
    "-- EXPLAIN ANALYZE actually executes the query\n",
    "-- and shows the REAL execution steps + timings.\n",
    "--\n",
    "-- EXPLAIN = prediction (planner estimate)\n",
    "-- EXPLAIN ANALYZE = reality (runtime performance)\n",
    "--\n",
    "-- It helps you understand:\n",
    "--  ✔ exact time spent in each step\n",
    "--  ✔ how many rows were scanned vs expected\n",
    "--  ✔ whether the optimizer chose the best plan\n",
    "--  ✔ if your index actually improved performance\n",
    "--\n",
    "-- Used in performance tuning and debugging slow queries.\n"
   ]
  },
  {
   "cell_type": "code",
   "execution_count": 39,
   "id": "2ec0a946-137f-417f-aeef-9a77011b3291",
   "metadata": {},
   "outputs": [
    {
     "name": "stdout",
     "output_type": "stream",
     "text": [
      " * mysql+mysqlconnector://root:***@localhost/mydb\n",
      "1 rows affected.\n"
     ]
    },
    {
     "data": {
      "text/html": [
       "<table>\n",
       "    <tr>\n",
       "        <th>EXPLAIN</th>\n",
       "    </tr>\n",
       "    <tr>\n",
       "        <td>-&gt; Filter: (employee.city = &#x27;chicago&#x27;)  (cost=0.75 rows=1) (actual time=0.0587..0.0631 rows=1 loops=1)<br>    -&gt; Table scan on employee  (cost=0.75 rows=5) (actual time=0.0542..0.0592 rows=5 loops=1)<br></td>\n",
       "    </tr>\n",
       "</table>"
      ],
      "text/plain": [
       "[(\"-> Filter: (employee.city = 'chicago')  (cost=0.75 rows=1) (actual time=0.0587..0.0631 rows=1 loops=1)\\n    -> Table scan on employee  (cost=0.75 rows=5) (actual time=0.0542..0.0592 rows=5 loops=1)\\n\",)]"
      ]
     },
     "execution_count": 39,
     "metadata": {},
     "output_type": "execute_result"
    }
   ],
   "source": [
    "%%sql\n",
    "Explain analyze\n",
    "select * \n",
    "from employee\n",
    "where city = 'chicago';"
   ]
  },
  {
   "cell_type": "code",
   "execution_count": 33,
   "id": "19f1dbb1-eae8-45aa-82d3-eff86271def9",
   "metadata": {},
   "outputs": [
    {
     "name": "stdout",
     "output_type": "stream",
     "text": [
      " * mysql+mysqlconnector://root:***@localhost/mydb\n",
      "0 rows affected.\n",
      "0 rows affected.\n"
     ]
    },
    {
     "data": {
      "text/plain": [
       "[]"
      ]
     },
     "execution_count": 33,
     "metadata": {},
     "output_type": "execute_result"
    }
   ],
   "source": [
    "%%sql\n",
    "DROP TABLE IF EXISTS employee1;\n",
    "\n",
    "CREATE TABLE employee1 (\n",
    "    customer_id INT AUTO_INCREMENT PRIMARY KEY,\n",
    "    first_name VARCHAR(50) NOT NULL,\n",
    "    last_name VARCHAR(50) NOT NULL,\n",
    "    email VARCHAR(100) NOT NULL,\n",
    "    city VARCHAR(100) NOT NULL\n",
    ");\n"
   ]
  },
  {
   "cell_type": "code",
   "execution_count": 34,
   "id": "e3e9ac96-71f4-4dc4-8f99-ef0e5dce0a8c",
   "metadata": {},
   "outputs": [
    {
     "name": "stdout",
     "output_type": "stream",
     "text": [
      " * mysql+mysqlconnector://root:***@localhost/mydb\n",
      "5 rows affected.\n"
     ]
    },
    {
     "data": {
      "text/plain": [
       "[]"
      ]
     },
     "execution_count": 34,
     "metadata": {},
     "output_type": "execute_result"
    }
   ],
   "source": [
    "%%sql\n",
    "INSERT INTO employee1 (first_name, last_name, email, city)\n",
    "VALUES\n",
    "('John', 'Doe', 'john@example.com', 'New York'),\n",
    "('Jane', 'Smith', 'jane.smith@example.com', 'Los Angeles'),\n",
    "('Michael', 'Brown', 'michael.brown@example.com', 'Chicago'),\n",
    "('Emily', 'Johnson', 'emily.johnson@example.com', 'Houston'),\n",
    "('Robert', 'Green', 'robert.green@example.com', 'Phoenix');\n"
   ]
  },
  {
   "cell_type": "code",
   "execution_count": 40,
   "id": "347d386c-72df-42cc-ae98-d9f11c3da914",
   "metadata": {},
   "outputs": [
    {
     "name": "stdout",
     "output_type": "stream",
     "text": [
      " * mysql+mysqlconnector://root:***@localhost/mydb\n",
      "1 rows affected.\n"
     ]
    },
    {
     "data": {
      "text/html": [
       "<table>\n",
       "    <tr>\n",
       "        <th>EXPLAIN</th>\n",
       "    </tr>\n",
       "    <tr>\n",
       "        <td>-&gt; Filter: (employee1.city = &#x27;chicago&#x27;)  (cost=0.75 rows=1) (actual time=0.0277..0.0317 rows=1 loops=1)<br>    -&gt; Table scan on employee1  (cost=0.75 rows=5) (actual time=0.0238..0.0289 rows=5 loops=1)<br></td>\n",
       "    </tr>\n",
       "</table>"
      ],
      "text/plain": [
       "[(\"-> Filter: (employee1.city = 'chicago')  (cost=0.75 rows=1) (actual time=0.0277..0.0317 rows=1 loops=1)\\n    -> Table scan on employee1  (cost=0.75 rows=5) (actual time=0.0238..0.0289 rows=5 loops=1)\\n\",)]"
      ]
     },
     "execution_count": 40,
     "metadata": {},
     "output_type": "execute_result"
    }
   ],
   "source": [
    "%%sql\n",
    "Explain analyze\n",
    "select * \n",
    "from employee1\n",
    "where city = 'chicago';"
   ]
  },
  {
   "cell_type": "code",
   "execution_count": null,
   "id": "15a80d0b-bdfb-4976-aa23-96ea5cbd5278",
   "metadata": {},
   "outputs": [],
   "source": []
  }
 ],
 "metadata": {
  "kernelspec": {
   "display_name": "Python 3 (ipykernel)",
   "language": "python",
   "name": "python3"
  },
  "language_info": {
   "codemirror_mode": {
    "name": "ipython",
    "version": 3
   },
   "file_extension": ".py",
   "mimetype": "text/x-python",
   "name": "python",
   "nbconvert_exporter": "python",
   "pygments_lexer": "ipython3",
   "version": "3.13.7"
  }
 },
 "nbformat": 4,
 "nbformat_minor": 5
}
